<?xml version="1.0" encoding="UTF-8"?>
<testng-results ignored="0" total="2" passed="2" failed="0" skipped="0">
  <reporter-output>
  </reporter-output>
  <suite started-at="2023-03-22T05:40:23Z" name="Default suite" finished-at="2023-03-22T05:41:59Z" duration-ms="96231">
    <groups>
      <group name="cucumber">
        <method signature="AbstractTestNGCucumberTests.runScenario(io.cucumber.testng.PickleEventWrapper, io.cucumber.testng.CucumberFeatureWrapper)[pri:0, instance:com.runner.TestRunner@6e535154]" name="runScenario" class="io.cucumber.testng.AbstractTestNGCucumberTests"/>
      </group> <!-- cucumber -->
    </groups>
    <test started-at="2023-03-22T05:40:23Z" name="Default test" finished-at="2023-03-22T05:41:59Z" duration-ms="96231">
      <class name="com.runner.TestRunner">
        <test-method is-config="true" signature="setUpClass()[pri:0, instance:com.runner.TestRunner@6e535154]" started-at="2023-03-22T05:40:23Z" name="setUpClass" finished-at="2023-03-22T05:40:23Z" duration-ms="521" status="PASS">
          <reporter-output>
          </reporter-output>
        </test-method> <!-- setUpClass -->
        <test-method signature="runScenario(io.cucumber.testng.PickleEventWrapper, io.cucumber.testng.CucumberFeatureWrapper)[pri:0, instance:com.runner.TestRunner@6e535154]" started-at="2023-03-22T05:40:23Z" name="runScenario" description="Runs Cucumber Scenarios" data-provider="scenarios" finished-at="2023-03-22T05:41:14Z" duration-ms="50600" status="PASS">
          <params>
            <param index="0">
              <value>
                <![CDATA["FB page Title validation"]]>
              </value>
            </param>
            <param index="1">
              <value>
                <![CDATA["Validating Facebook Page"]]>
              </value>
            </param>
          </params>
          <reporter-output>
          </reporter-output>
        </test-method> <!-- runScenario -->
        <test-method signature="runScenario(io.cucumber.testng.PickleEventWrapper, io.cucumber.testng.CucumberFeatureWrapper)[pri:0, instance:com.runner.TestRunner@6e535154]" started-at="2023-03-22T05:41:14Z" name="runScenario" description="Runs Cucumber Scenarios" data-provider="scenarios" finished-at="2023-03-22T05:41:58Z" duration-ms="44451" status="PASS">
          <params>
            <param index="0">
              <value>
                <![CDATA["FB page URL validation"]]>
              </value>
            </param>
            <param index="1">
              <value>
                <![CDATA["Validating Facebook Page"]]>
              </value>
            </param>
          </params>
          <reporter-output>
          </reporter-output>
        </test-method> <!-- runScenario -->
        <test-method is-config="true" signature="tearDownClass()[pri:0, instance:com.runner.TestRunner@6e535154]" started-at="2023-03-22T05:41:59Z" name="tearDownClass" finished-at="2023-03-22T05:41:59Z" duration-ms="432" status="PASS">
          <reporter-output>
          </reporter-output>
        </test-method> <!-- tearDownClass -->
      </class> <!-- com.runner.TestRunner -->
    </test> <!-- Default test -->
  </suite> <!-- Default suite -->
</testng-results>
